<?xml version="1.0" encoding="UTF-8"?>
<!-- Generated by org.testng.reporters.JUnitReportReporter -->
<testsuite skipped="0" hostname="DDC-D-7QBR9B2" name="testmeapp.aditi.OnlineShoppingTest" tests="4" failures="0" timestamp="22 Jul 2019 15:23:07 GMT" time="90.708" errors="0">
  <testcase name="testRegistration" time="34.362" classname="testmeapp.aditi.OnlineShoppingTest"/>
  <testcase name="testLogin" time="15.854" classname="testmeapp.aditi.OnlineShoppingTest"/>
  <testcase name="testCart" time="16.978" classname="testmeapp.aditi.OnlineShoppingTest"/>
  <testcase name="testPayment" time="23.514" classname="testmeapp.aditi.OnlineShoppingTest"/>
</testsuite> <!-- testmeapp.aditi.OnlineShoppingTest -->
